
optiboot_atmega16.elf:     file format elf32-avr

Sections:
Idx Name          Size      VMA       LMA       File off  Algn
  0 .text         000001c6  00003e00  00003e00  00000094  2**1
                  CONTENTS, ALLOC, LOAD, READONLY, CODE
  1 .version      00000002  00003ffe  00003ffe  0000025a  2**0
                  CONTENTS, ALLOC, LOAD, READONLY, DATA
  2 .data         00000000  00800060  00003fc6  0000025a  2**0
                  CONTENTS, ALLOC, LOAD, DATA
  3 .comment      00000011  00000000  00000000  0000025c  2**0
                  CONTENTS, READONLY
  4 .debug_aranges 00000030  00000000  00000000  0000026d  2**0
                  CONTENTS, READONLY, DEBUGGING
  5 .debug_info   0000066a  00000000  00000000  0000029d  2**0
                  CONTENTS, READONLY, DEBUGGING
  6 .debug_abbrev 00000272  00000000  00000000  00000907  2**0
                  CONTENTS, READONLY, DEBUGGING
  7 .debug_line   00000336  00000000  00000000  00000b79  2**0
                  CONTENTS, READONLY, DEBUGGING
  8 .debug_frame  000000b4  00000000  00000000  00000eb0  2**2
                  CONTENTS, READONLY, DEBUGGING
  9 .debug_str    000001d6  00000000  00000000  00000f64  2**0
                  CONTENTS, READONLY, DEBUGGING
 10 .debug_loc    00000419  00000000  00000000  0000113a  2**0
                  CONTENTS, READONLY, DEBUGGING
 11 .debug_ranges 00000038  00000000  00000000  00001553  2**0
                  CONTENTS, READONLY, DEBUGGING

Disassembly of section .text:

00003e00 <pre_main>:
/* everything that needs to run VERY early */
void pre_main(void) {
	// Allow convenient way of calling do_spm function - jump table,
	//   so entry to this function will always be here, indepedent of compilation,
	//   features etc
	asm volatile (
    3e00:	01 c0       	rjmp	.+2      	; 0x3e04 <main>
    3e02:	ad c0       	rjmp	.+346    	; 0x3f5e <do_spm>

00003e04 <main>:
	);
}


/* main program starts here */
int main(void) {
    3e04:	1f 92       	push	r1
    3e06:	cd b7       	in	r28, 0x3d	; 61
    3e08:	de b7       	in	r29, 0x3e	; 62
  //  SP points to RAMEND
  //  r1 contains zero
  //
  // If not, uncomment the following instructions:
  // cli();
  asm volatile ("clr __zero_reg__");
    3e0a:	11 24       	eor	r1, r1
#if defined(__AVR_ATmega8__) || defined(__AVR_ATmega8535__) || defined (__AVR_ATmega16__) || defined (__AVR_ATmega32__)
  SP=RAMEND;  // This is done by hardware reset
    3e0c:	8f e5       	ldi	r24, 0x5F	; 95
    3e0e:	94 e0       	ldi	r25, 0x04	; 4
    3e10:	9e bf       	out	0x3e, r25	; 62
    3e12:	8d bf       	out	0x3d, r24	; 61
   * can leave multiple reset flags set; we only want the bootloader to
   * run on an 'external reset only' status
   */

#if defined(__AVR_ATmega8535__) || defined(__AVR_ATmega16__)
   ch = MCUCSR;
    3e14:	84 b7       	in	r24, 0x34	; 52
   MCUCSR = 0;
    3e16:	14 be       	out	0x34, r1	; 52
  ch = MCUSR;
  MCUSR = 0;
#endif

 
  if (ch & (_BV(WDRF) | _BV(BORF) | _BV(PORF)))
    3e18:	98 2f       	mov	r25, r24
    3e1a:	9d 70       	andi	r25, 0x0D	; 13
    3e1c:	09 f0       	breq	.+2      	; 0x3e20 <main+0x1c>
      appStart(ch);
    3e1e:	cd d0       	rcall	.+410    	; 0x3fba <appStart>

#if LED_START_FLASHES > 0
  // Set up Timer 1 for timeout counter
  TCCR1B = _BV(CS12) | _BV(CS10); // div 1024
    3e20:	85 e0       	ldi	r24, 0x05	; 5
    3e22:	8e bd       	out	0x2e, r24	; 46
#endif

#ifndef SOFT_UART
#if defined(__AVR_ATmega8__) || defined(__AVR_ATmega8535__) || defined (__AVR_ATmega16__) || defined (__AVR_ATmega32__)
  UCSRA = _BV(U2X); //Double speed mode USART
    3e24:	82 e0       	ldi	r24, 0x02	; 2
    3e26:	8b b9       	out	0x0b, r24	; 11
  UCSRB = _BV(RXEN) | _BV(TXEN);  // enable Rx & Tx
    3e28:	88 e1       	ldi	r24, 0x18	; 24
    3e2a:	8a b9       	out	0x0a, r24	; 10
  UCSRC = _BV(URSEL) | _BV(UCSZ1) | _BV(UCSZ0);  // config USART; 8N1
    3e2c:	86 e8       	ldi	r24, 0x86	; 134
    3e2e:	80 bd       	out	0x20, r24	; 32
  UBRRL = (uint8_t)( (F_CPU + BAUD_RATE * 4L) / (BAUD_RATE * 8L) - 1 );
    3e30:	85 e1       	ldi	r24, 0x15	; 21
    3e32:	89 b9       	out	0x09, r24	; 9
  UART_SRL = (uint8_t)( (F_CPU + BAUD_RATE * 4L) / (BAUD_RATE * 8L) - 1 );
#endif
#endif

  // Set up watchdog to trigger after 1s
  watchdogConfig(WATCHDOG_1S);
    3e34:	8e e0       	ldi	r24, 0x0E	; 14
    3e36:	ae d0       	rcall	.+348    	; 0x3f94 <watchdogConfig>

#if (LED_START_FLASHES > 0) || defined(LED_DATA_FLASH)
  /* Set LED pin as output */
  LED_DDR |= _BV(LED);
    3e38:	b8 9a       	sbi	0x17, 0	; 23
    3e3a:	24 e0       	ldi	r18, 0x04	; 4
}

#if LED_START_FLASHES > 0
void flash_led(uint8_t count) {
  do {
    TCNT1 = -(F_CPU/(1024*16));
    3e3c:	8c e3       	ldi	r24, 0x3C	; 60
    3e3e:	9b ef       	ldi	r25, 0xFB	; 251
    TIFR1 = _BV(TOV1);
    3e40:	54 e0       	ldi	r21, 0x04	; 4
    while(!(TIFR1 & _BV(TOV1)));
#if defined(__AVR_ATmega8__) || defined(__AVR_ATmega8535__) || defined (__AVR_ATmega16__) || defined (__AVR_ATmega32__)
    LED_PORT ^= _BV(LED);
    3e42:	41 e0       	ldi	r20, 0x01	; 1
}

#if LED_START_FLASHES > 0
void flash_led(uint8_t count) {
  do {
    TCNT1 = -(F_CPU/(1024*16));
    3e44:	9d bd       	out	0x2d, r25	; 45
    3e46:	8c bd       	out	0x2c, r24	; 44
    TIFR1 = _BV(TOV1);
    3e48:	58 bf       	out	0x38, r21	; 56
    while(!(TIFR1 & _BV(TOV1)));
    3e4a:	08 b6       	in	r0, 0x38	; 56
    3e4c:	02 fe       	sbrs	r0, 2
    3e4e:	fd cf       	rjmp	.-6      	; 0x3e4a <main+0x46>
#if defined(__AVR_ATmega8__) || defined(__AVR_ATmega8535__) || defined (__AVR_ATmega16__) || defined (__AVR_ATmega32__)
    LED_PORT ^= _BV(LED);
    3e50:	38 b3       	in	r19, 0x18	; 24
    3e52:	34 27       	eor	r19, r20
    3e54:	38 bb       	out	0x18, r19	; 24
}
#endif

// Watchdog functions. These are only safe with interrupts turned off.
void watchdogReset() {
  __asm__ __volatile__ (
    3e56:	a8 95       	wdr
    3e58:	21 50       	subi	r18, 0x01	; 1
    LED_PORT ^= _BV(LED);
#else
    LED_PIN |= _BV(LED);
#endif
    watchdogReset();
  } while (--count);
    3e5a:	a1 f7       	brne	.-24     	; 0x3e44 <main+0x40>
    3e5c:	a1 2c       	mov	r10, r1
    3e5e:	b1 2c       	mov	r11, r1
#endif

  /* Forever loop: exits by causing WDT reset */
  for (;;) {
    /* get character from UART */
    ch = getch();
    3e60:	92 d0       	rcall	.+292    	; 0x3f86 <getch>

    if(ch == STK_GET_PARAMETER) {
    3e62:	81 34       	cpi	r24, 0x41	; 65
    3e64:	b9 f4       	brne	.+46     	; 0x3e94 <main+0x90>
      unsigned char which = getch();
    3e66:	8f d0       	rcall	.+286    	; 0x3f86 <getch>
      verifySpace();
    3e68:	89 83       	std	Y+1, r24	; 0x01
    3e6a:	98 d0       	rcall	.+304    	; 0x3f9c <verifySpace>
      /*
       * Send optiboot version as "SW version"
       * Note that the references to memory are optimized away.
       */
      if (which == 0x82) {
    3e6c:	89 81       	ldd	r24, Y+1	; 0x01
    3e6e:	82 38       	cpi	r24, 0x82	; 130
    3e70:	11 f4       	brne	.+4      	; 0x3e76 <main+0x72>
	  putch(optiboot_version & 0xFF);
    3e72:	82 e0       	ldi	r24, 0x02	; 2
    3e74:	0d c0       	rjmp	.+26     	; 0x3e90 <main+0x8c>
      } else if (which == 0x81) {
    3e76:	81 38       	cpi	r24, 0x81	; 129
    3e78:	51 f4       	brne	.+20     	; 0x3e8e <main+0x8a>
	  putch(optiboot_version >> 8);
    3e7a:	86 e0       	ldi	r24, 0x06	; 6
    3e7c:	09 c0       	rjmp	.+18     	; 0x3e90 <main+0x8c>

      read_mem(desttype, address, length);
    }

    /* Get device signature bytes  */
    else if(ch == STK_READ_SIGN) {
    3e7e:	85 37       	cpi	r24, 0x75	; 117
    3e80:	09 f0       	breq	.+2      	; 0x3e84 <main+0x80>
    3e82:	65 c0       	rjmp	.+202    	; 0x3f4e <main+0x14a>
      // READ SIGN - return what Avrdude wants to hear
      verifySpace();
    3e84:	8b d0       	rcall	.+278    	; 0x3f9c <verifySpace>
      putch(SIGNATURE_0);
    3e86:	8e e1       	ldi	r24, 0x1E	; 30
    3e88:	7a d0       	rcall	.+244    	; 0x3f7e <putch>
      putch(SIGNATURE_1);
    3e8a:	84 e9       	ldi	r24, 0x94	; 148
    3e8c:	78 d0       	rcall	.+240    	; 0x3f7e <putch>
      } else {
	/*
	 * GET PARAMETER returns a generic 0x03 reply for
         * other parameters - enough to keep Avrdude happy
	 */
	putch(0x03);
    3e8e:	83 e0       	ldi	r24, 0x03	; 3
    3e90:	76 d0       	rcall	.+236    	; 0x3f7e <putch>
    3e92:	62 c0       	rjmp	.+196    	; 0x3f58 <main+0x154>
      }
    }
    else if(ch == STK_SET_DEVICE) {
    3e94:	82 34       	cpi	r24, 0x42	; 66
    3e96:	11 f4       	brne	.+4      	; 0x3e9c <main+0x98>
      // SET DEVICE is ignored
      getNch(20);
    3e98:	84 e1       	ldi	r24, 0x14	; 20
    3e9a:	03 c0       	rjmp	.+6      	; 0x3ea2 <main+0x9e>
    }
    else if(ch == STK_SET_DEVICE_EXT) {
    3e9c:	85 34       	cpi	r24, 0x45	; 69
    3e9e:	19 f4       	brne	.+6      	; 0x3ea6 <main+0xa2>
      // SET DEVICE EXT is ignored
      getNch(5);
    3ea0:	85 e0       	ldi	r24, 0x05	; 5
    3ea2:	84 d0       	rcall	.+264    	; 0x3fac <getNch>
    3ea4:	59 c0       	rjmp	.+178    	; 0x3f58 <main+0x154>
    }
    else if(ch == STK_LOAD_ADDRESS) {
    3ea6:	85 35       	cpi	r24, 0x55	; 85
    3ea8:	41 f4       	brne	.+16     	; 0x3eba <main+0xb6>
      // LOAD ADDRESS
      uint16_t newAddress;
      newAddress = getch();
    3eaa:	6d d0       	rcall	.+218    	; 0x3f86 <getch>
    3eac:	a8 2e       	mov	r10, r24
      newAddress = (newAddress & 0xff) | (getch() << 8);
    3eae:	6b d0       	rcall	.+214    	; 0x3f86 <getch>
    3eb0:	b1 2c       	mov	r11, r1
    3eb2:	b8 2a       	or	r11, r24
#ifdef RAMPZ
      // Transfer top bit to RAMPZ
      RAMPZ = (newAddress & 0x8000) ? 1 : 0;
#endif
      newAddress += newAddress; // Convert from word address to byte address
    3eb4:	aa 0c       	add	r10, r10
    3eb6:	bb 1c       	adc	r11, r11
    3eb8:	4e c0       	rjmp	.+156    	; 0x3f56 <main+0x152>
      address = newAddress;
      verifySpace();
    }
    else if(ch == STK_UNIVERSAL) {
    3eba:	86 35       	cpi	r24, 0x56	; 86
    3ebc:	21 f4       	brne	.+8      	; 0x3ec6 <main+0xc2>
      // UNIVERSAL command is ignored
      getNch(4);
    3ebe:	84 e0       	ldi	r24, 0x04	; 4
    3ec0:	75 d0       	rcall	.+234    	; 0x3fac <getNch>
      putch(0x00);
    3ec2:	80 e0       	ldi	r24, 0x00	; 0
    3ec4:	e5 cf       	rjmp	.-54     	; 0x3e90 <main+0x8c>
    }
    /* Write memory, length is big endian and is in bytes */
    else if(ch == STK_PROG_PAGE) {
    3ec6:	84 36       	cpi	r24, 0x64	; 100
    3ec8:	91 f5       	brne	.+100    	; 0x3f2e <main+0x12a>
      // PROGRAM PAGE - we support flash programming only, not EEPROM
      uint8_t desttype;
      uint8_t *bufPtr;
      pagelen_t savelength;

      GETLENGTH(length);
    3eca:	5d d0       	rcall	.+186    	; 0x3f86 <getch>
    3ecc:	5c d0       	rcall	.+184    	; 0x3f86 <getch>
    3ece:	d8 2e       	mov	r13, r24
      savelength = length;
      desttype = getch();
    3ed0:	5a d0       	rcall	.+180    	; 0x3f86 <getch>
    3ed2:	f8 2e       	mov	r15, r24
    3ed4:	00 e6       	ldi	r16, 0x60	; 96
    3ed6:	10 e0       	ldi	r17, 0x00	; 0
    3ed8:	80 e6       	ldi	r24, 0x60	; 96
    3eda:	d8 0e       	add	r13, r24

      // read a page worth of contents
      bufPtr = buff;
      do *bufPtr++ = getch();
    3edc:	54 d0       	rcall	.+168    	; 0x3f86 <getch>
    3ede:	f8 01       	movw	r30, r16
    3ee0:	81 93       	st	Z+, r24
    3ee2:	8f 01       	movw	r16, r30
      while (--length);
    3ee4:	de 12       	cpse	r13, r30
    3ee6:	fa cf       	rjmp	.-12     	; 0x3edc <main+0xd8>

      // Read command terminator, start reply
      verifySpace();
    3ee8:	59 d0       	rcall	.+178    	; 0x3f9c <verifySpace>
 * void writebuffer(memtype, buffer, address, length)
 */
static inline void writebuffer(int8_t memtype, uint8_t *mybuff,
			       uint16_t address, pagelen_t len)
{
    switch (memtype) {
    3eea:	f5 e4       	ldi	r31, 0x45	; 69
    3eec:	ff 12       	cpse	r15, r31
    3eee:	01 c0       	rjmp	.+2      	; 0x3ef2 <main+0xee>
    3ef0:	ff cf       	rjmp	.-2      	; 0x3ef0 <main+0xec>
	     * Start the page erase and wait for it to finish.  There
	     * used to be code to do this while receiving the data over
	     * the serial link, but the performance improvement was slight,
	     * and we needed the space back.
	     */
	    do_spm((uint16_t)(void*)address,__BOOT_PAGE_ERASE,0);
    3ef2:	40 e0       	ldi	r20, 0x00	; 0
    3ef4:	50 e0       	ldi	r21, 0x00	; 0
    3ef6:	63 e0       	ldi	r22, 0x03	; 3
    3ef8:	c5 01       	movw	r24, r10
    3efa:	31 d0       	rcall	.+98     	; 0x3f5e <do_spm>
	 * space on chips that don't support any other memory types.
	 */
	{
	    // Copy buffer into programming buffer
	    uint8_t *bufPtr = mybuff;
	    uint16_t addrPtr = (uint16_t)(void*)address;
    3efc:	75 01       	movw	r14, r10
	 * the default rather than checking for the correct code, we save
	 * space on chips that don't support any other memory types.
	 */
	{
	    // Copy buffer into programming buffer
	    uint8_t *bufPtr = mybuff;
    3efe:	00 e6       	ldi	r16, 0x60	; 96
    3f00:	10 e0       	ldi	r17, 0x00	; 0
	    /*
	     * Copy data from the buffer into the flash write buffer.
	     */
	    do {
		uint16_t a;
		a = *bufPtr++;
    3f02:	f8 01       	movw	r30, r16
    3f04:	40 81       	ld	r20, Z
    3f06:	0e 5f       	subi	r16, 0xFE	; 254
    3f08:	1f 4f       	sbci	r17, 0xFF	; 255
    3f0a:	31 96       	adiw	r30, 0x01	; 1
		a |= (*bufPtr++) << 8;
    3f0c:	80 81       	ld	r24, Z
    3f0e:	50 e0       	ldi	r21, 0x00	; 0
    3f10:	58 2b       	or	r21, r24
		do_spm((uint16_t)(void*)addrPtr,__BOOT_PAGE_FILL,a);
    3f12:	61 e0       	ldi	r22, 0x01	; 1
    3f14:	c7 01       	movw	r24, r14
    3f16:	23 d0       	rcall	.+70     	; 0x3f5e <do_spm>
		addrPtr += 2;
    3f18:	f2 e0       	ldi	r31, 0x02	; 2
    3f1a:	ef 0e       	add	r14, r31
    3f1c:	f1 1c       	adc	r15, r1
	    } while (len -= 2);
    3f1e:	d0 12       	cpse	r13, r16
    3f20:	f0 cf       	rjmp	.-32     	; 0x3f02 <main+0xfe>

	    /*
	     * Actually Write the buffer to flash (and wait for it to finish.)
	     */
	    do_spm((uint16_t)(void*)address,__BOOT_PAGE_WRITE,0);
    3f22:	40 e0       	ldi	r20, 0x00	; 0
    3f24:	50 e0       	ldi	r21, 0x00	; 0
    3f26:	65 e0       	ldi	r22, 0x05	; 5
    3f28:	c5 01       	movw	r24, r10
    3f2a:	19 d0       	rcall	.+50     	; 0x3f5e <do_spm>
    3f2c:	15 c0       	rjmp	.+42     	; 0x3f58 <main+0x154>
      writebuffer(desttype, buff, address, savelength);


    }
    /* Read memory block mode, length is big endian.  */
    else if(ch == STK_READ_PAGE) {
    3f2e:	84 37       	cpi	r24, 0x74	; 116
    3f30:	09 f0       	breq	.+2      	; 0x3f34 <main+0x130>
    3f32:	a5 cf       	rjmp	.-182    	; 0x3e7e <main+0x7a>
      uint8_t desttype;
      GETLENGTH(length);
    3f34:	28 d0       	rcall	.+80     	; 0x3f86 <getch>
    3f36:	27 d0       	rcall	.+78     	; 0x3f86 <getch>
    3f38:	f8 2e       	mov	r15, r24

      desttype = getch();
    3f3a:	25 d0       	rcall	.+74     	; 0x3f86 <getch>

      verifySpace();
    3f3c:	2f d0       	rcall	.+94     	; 0x3f9c <verifySpace>
    3f3e:	85 01       	movw	r16, r10
	    __asm__ ("elpm %0,Z+\n" : "=r" (ch), "=z" (address): "1" (address));
#else
	    // read a Flash byte and increment the address
	    __asm__ ("lpm %0,Z+\n" : "=r" (ch), "=z" (address): "1" (address));
#endif
	    putch(ch);
    3f40:	f8 01       	movw	r30, r16
    3f42:	85 91       	lpm	r24, Z+
    3f44:	8f 01       	movw	r16, r30
    3f46:	1b d0       	rcall	.+54     	; 0x3f7e <putch>
	} while (--length);
    3f48:	fa 94       	dec	r15
    3f4a:	d1 f7       	brne	.-12     	; 0x3f40 <main+0x13c>
    3f4c:	05 c0       	rjmp	.+10     	; 0x3f58 <main+0x154>
      verifySpace();
      putch(SIGNATURE_0);
      putch(SIGNATURE_1);
      putch(SIGNATURE_2);
    }
    else if (ch == STK_LEAVE_PROGMODE) { /* 'Q' */
    3f4e:	81 35       	cpi	r24, 0x51	; 81
    3f50:	11 f4       	brne	.+4      	; 0x3f56 <main+0x152>
      // Adaboot no-wait mod
      watchdogConfig(WATCHDOG_16MS);
    3f52:	88 e0       	ldi	r24, 0x08	; 8
    3f54:	1f d0       	rcall	.+62     	; 0x3f94 <watchdogConfig>
      verifySpace();
    }
    else {
      // This covers the response to commands like STK_ENTER_PROGMODE
      verifySpace();
    3f56:	22 d0       	rcall	.+68     	; 0x3f9c <verifySpace>
    }
    putch(STK_OK);
    3f58:	80 e1       	ldi	r24, 0x10	; 16
    3f5a:	11 d0       	rcall	.+34     	; 0x3f7e <putch>
  }
    3f5c:	81 cf       	rjmp	.-254    	; 0x3e60 <main+0x5c>

00003f5e <do_spm>:
 *   you could do fill-erase-write sequence with data!=0 in ERASE and
 *   data=0 in WRITE
 */
static void do_spm(uint16_t address, uint8_t command, uint16_t data) {
    // Do spm stuff
    asm volatile (
    3f5e:	fc 01       	movw	r30, r24
    3f60:	0a 01       	movw	r0, r20
    3f62:	67 bf       	out	0x37, r22	; 55
    3f64:	e8 95       	spm
    3f66:	11 24       	eor	r1, r1
    );

    // wait for spm to complete
    //   it doesn't have much sense for __BOOT_PAGE_FILL,
    //   but it doesn't hurt and saves some bytes on 'if'
    boot_spm_busy_wait();
    3f68:	07 b6       	in	r0, 0x37	; 55
    3f6a:	00 fc       	sbrc	r0, 0
    3f6c:	fd cf       	rjmp	.-6      	; 0x3f68 <do_spm+0xa>
#if defined(RWWSRE)
    // this 'if' condition should be: (command == __BOOT_PAGE_WRITE || command == __BOOT_PAGE_ERASE)...
    // but it's tweaked a little assuming that in every command we are interested in here, there
    // must be also SELFPRGEN set. If we skip checking this bit, we save here 4B
    if ((command & (_BV(PGWRT)|_BV(PGERS))) && (data == 0) ) {
    3f6e:	66 70       	andi	r22, 0x06	; 6
    3f70:	29 f0       	breq	.+10     	; 0x3f7c <do_spm+0x1e>
    3f72:	45 2b       	or	r20, r21
    3f74:	19 f4       	brne	.+6      	; 0x3f7c <do_spm+0x1e>
      // Reenable read access to flash
      boot_rww_enable();
    3f76:	81 e1       	ldi	r24, 0x11	; 17
    3f78:	87 bf       	out	0x37, r24	; 55
    3f7a:	e8 95       	spm
    3f7c:	08 95       	ret

00003f7e <putch>:
  }
}

void putch(char ch) {
#ifndef SOFT_UART
  while (!(UART_SRA & _BV(UDRE0)));
    3f7e:	5d 9b       	sbis	0x0b, 5	; 11
    3f80:	fe cf       	rjmp	.-4      	; 0x3f7e <putch>
  UART_UDR = ch;
    3f82:	8c b9       	out	0x0c, r24	; 12
    3f84:	08 95       	ret

00003f86 <getch>:
      [uartBit] "I" (UART_RX_BIT)
    :
      "r25"
);
#else
  while(!(UART_SRA & _BV(RXC0)))
    3f86:	5f 9b       	sbis	0x0b, 7	; 11
    3f88:	fe cf       	rjmp	.-4      	; 0x3f86 <getch>
    ;
  if (!(UART_SRA & _BV(FE0))) {
    3f8a:	5c 99       	sbic	0x0b, 4	; 11
    3f8c:	01 c0       	rjmp	.+2      	; 0x3f90 <getch+0xa>
}
#endif

// Watchdog functions. These are only safe with interrupts turned off.
void watchdogReset() {
  __asm__ __volatile__ (
    3f8e:	a8 95       	wdr
       * don't care that an invalid char is returned...)
       */
    watchdogReset();
  }

  ch = UART_UDR;
    3f90:	8c b1       	in	r24, 0x0c	; 12
  LED_PIN |= _BV(LED);
#endif
#endif

  return ch;
}
    3f92:	08 95       	ret

00003f94 <watchdogConfig>:
    "wdr\n"
  );
}

void watchdogConfig(uint8_t x) {
  WDTCSR = _BV(WDCE) | _BV(WDE);
    3f94:	98 e1       	ldi	r25, 0x18	; 24
    3f96:	91 bd       	out	0x21, r25	; 33
  WDTCSR = x;
    3f98:	81 bd       	out	0x21, r24	; 33
    3f9a:	08 95       	ret

00003f9c <verifySpace>:
  do getch(); while (--count);
  verifySpace();
}

void verifySpace() {
  if (getch() != CRC_EOP) {
    3f9c:	f4 df       	rcall	.-24     	; 0x3f86 <getch>
    3f9e:	80 32       	cpi	r24, 0x20	; 32
    3fa0:	19 f0       	breq	.+6      	; 0x3fa8 <verifySpace+0xc>
    watchdogConfig(WATCHDOG_16MS);    // shorten WD timeout
    3fa2:	88 e0       	ldi	r24, 0x08	; 8
    3fa4:	f7 df       	rcall	.-18     	; 0x3f94 <watchdogConfig>
    3fa6:	ff cf       	rjmp	.-2      	; 0x3fa6 <verifySpace+0xa>
    while (1)			      // and busy-loop so that WD causes
      ;				      //  a reset and app start.
  }
  putch(STK_INSYNC);
    3fa8:	84 e1       	ldi	r24, 0x14	; 20
    3faa:	e9 cf       	rjmp	.-46     	; 0x3f7e <putch>

00003fac <getNch>:
    ::[count] "M" (UART_B_VALUE)
  );
}
#endif

void getNch(uint8_t count) {
    3fac:	cf 93       	push	r28
    3fae:	c8 2f       	mov	r28, r24
  do getch(); while (--count);
    3fb0:	ea df       	rcall	.-44     	; 0x3f86 <getch>
    3fb2:	c1 50       	subi	r28, 0x01	; 1
    3fb4:	e9 f7       	brne	.-6      	; 0x3fb0 <getNch+0x4>
  verifySpace();
}
    3fb6:	cf 91       	pop	r28
}
#endif

void getNch(uint8_t count) {
  do getch(); while (--count);
  verifySpace();
    3fb8:	f1 cf       	rjmp	.-30     	; 0x3f9c <verifySpace>

00003fba <appStart>:

void appStart(uint8_t rstFlags) {
  // save the reset flags in the designated register
  //  This can be saved in a main program by putting code in .init0 (which
  //  executes before normal c init code) to save R2 to a global variable.
  __asm__ __volatile__ ("mov r2, %0\n" :: "r" (rstFlags));
    3fba:	28 2e       	mov	r2, r24

  watchdogConfig(WATCHDOG_OFF);
    3fbc:	80 e0       	ldi	r24, 0x00	; 0
    3fbe:	ea df       	rcall	.-44     	; 0x3f94 <watchdogConfig>
  // Note that appstart_vec is defined so that this works with either
  // real or virtual boot partitions.
  __asm__ __volatile__ (
    3fc0:	e0 e0       	ldi	r30, 0x00	; 0
    3fc2:	ff 27       	eor	r31, r31
    3fc4:	09 94       	ijmp
