
optiboot_atmega1284p.elf:     file format elf32-avr

Sections:
Idx Name          Size      VMA       LMA       File off  Algn
  0 .data         00000000  00800100  0001fe6e  00000302  2**0
                  CONTENTS, ALLOC, LOAD, DATA
  1 .text         0000026e  0001fc00  0001fc00  00000094  2**1
                  CONTENTS, ALLOC, LOAD, READONLY, CODE
  2 .version      00000002  0001fffe  0001fffe  00000302  2**0
                  CONTENTS, ALLOC, LOAD, READONLY, DATA
  3 .comment      00000011  00000000  00000000  00000304  2**0
                  CONTENTS, READONLY
  4 .debug_aranges 00000030  00000000  00000000  00000315  2**0
                  CONTENTS, READONLY, DEBUGGING
  5 .debug_info   000006e6  00000000  00000000  00000345  2**0
                  CONTENTS, READONLY, DEBUGGING
  6 .debug_abbrev 00000298  00000000  00000000  00000a2b  2**0
                  CONTENTS, READONLY, DEBUGGING
  7 .debug_line   0000038a  00000000  00000000  00000cc3  2**0
                  CONTENTS, READONLY, DEBUGGING
  8 .debug_frame  000000b4  00000000  00000000  00001050  2**2
                  CONTENTS, READONLY, DEBUGGING
  9 .debug_str    000001ff  00000000  00000000  00001104  2**0
                  CONTENTS, READONLY, DEBUGGING
 10 .debug_loc    000004b4  00000000  00000000  00001303  2**0
                  CONTENTS, READONLY, DEBUGGING
 11 .debug_ranges 00000020  00000000  00000000  000017b7  2**0
                  CONTENTS, READONLY, DEBUGGING

Disassembly of section .text:

0001fc00 <pre_main>:
/* everything that needs to run VERY early */
void pre_main(void) {
	// Allow convenient way of calling do_spm function - jump table,
	//   so entry to this function will always be here, indepedent of compilation,
	//   features etc
	asm volatile (
   1fc00:	01 c0       	rjmp	.+2      	; 0x1fc04 <main>
   1fc02:	e1 c0       	rjmp	.+450    	; 0x1fdc6 <do_spm>

0001fc04 <main>:
	);
}


/* main program starts here */
int main(void) {
   1fc04:	1f 92       	push	r1
   1fc06:	cd b7       	in	r28, 0x3d	; 61
   1fc08:	de b7       	in	r29, 0x3e	; 62
  //  SP points to RAMEND
  //  r1 contains zero
  //
  // If not, uncomment the following instructions:
  // cli();
  asm volatile ("clr __zero_reg__");
   1fc0a:	11 24       	eor	r1, r1

#if defined(__AVR_ATmega8535__) || defined(__AVR_ATmega16__)
   ch = MCUCSR;
   MCUCSR = 0;
#else
  ch = MCUSR;
   1fc0c:	84 b7       	in	r24, 0x34	; 52
  MCUSR = 0;
   1fc0e:	14 be       	out	0x34, r1	; 52
#endif

 
  if (ch & (_BV(WDRF) | _BV(BORF) | _BV(PORF)))
   1fc10:	98 2f       	mov	r25, r24
   1fc12:	9d 70       	andi	r25, 0x0D	; 13
   1fc14:	09 f0       	breq	.+2      	; 0x1fc18 <main+0x14>
      appStart(ch);
   1fc16:	0f d1       	rcall	.+542    	; 0x1fe36 <appStart>

#if LED_START_FLASHES > 0
  // Set up Timer 1 for timeout counter
  TCCR1B = _BV(CS12) | _BV(CS10); // div 1024
   1fc18:	85 e0       	ldi	r24, 0x05	; 5
   1fc1a:	80 93 81 00 	sts	0x0081, r24
  UCSRA = _BV(U2X); //Double speed mode USART
  UCSRB = _BV(RXEN) | _BV(TXEN);  // enable Rx & Tx
  UCSRC = _BV(URSEL) | _BV(UCSZ1) | _BV(UCSZ0);  // config USART; 8N1
  UBRRL = (uint8_t)( (F_CPU + BAUD_RATE * 4L) / (BAUD_RATE * 8L) - 1 );
#else
  UART_SRA = _BV(U2X0); //Double speed mode USART0
   1fc1e:	82 e0       	ldi	r24, 0x02	; 2
   1fc20:	80 93 c0 00 	sts	0x00C0, r24
  UART_SRB = _BV(RXEN0) | _BV(TXEN0);
   1fc24:	88 e1       	ldi	r24, 0x18	; 24
   1fc26:	80 93 c1 00 	sts	0x00C1, r24
  UART_SRC = _BV(UCSZ00) | _BV(UCSZ01);
   1fc2a:	86 e0       	ldi	r24, 0x06	; 6
   1fc2c:	80 93 c2 00 	sts	0x00C2, r24
  UART_SRL = (uint8_t)( (F_CPU + BAUD_RATE * 4L) / (BAUD_RATE * 8L) - 1 );
   1fc30:	85 e1       	ldi	r24, 0x15	; 21
   1fc32:	80 93 c4 00 	sts	0x00C4, r24
#endif
#endif

  // Set up watchdog to trigger after 1s
  watchdogConfig(WATCHDOG_1S);
   1fc36:	8e e0       	ldi	r24, 0x0E	; 14
   1fc38:	e9 d0       	rcall	.+466    	; 0x1fe0c <watchdogConfig>

#if (LED_START_FLASHES > 0) || defined(LED_DATA_FLASH)
  /* Set LED pin as output */
  LED_DDR |= _BV(LED);
   1fc3a:	20 9a       	sbi	0x04, 0	; 4
   1fc3c:	24 e0       	ldi	r18, 0x04	; 4
}

#if LED_START_FLASHES > 0
void flash_led(uint8_t count) {
  do {
    TCNT1 = -(F_CPU/(1024*16));
   1fc3e:	8c e3       	ldi	r24, 0x3C	; 60
   1fc40:	9b ef       	ldi	r25, 0xFB	; 251
    TIFR1 = _BV(TOV1);
   1fc42:	31 e0       	ldi	r19, 0x01	; 1
}

#if LED_START_FLASHES > 0
void flash_led(uint8_t count) {
  do {
    TCNT1 = -(F_CPU/(1024*16));
   1fc44:	90 93 85 00 	sts	0x0085, r25
   1fc48:	80 93 84 00 	sts	0x0084, r24
    TIFR1 = _BV(TOV1);
   1fc4c:	36 bb       	out	0x16, r19	; 22
    while(!(TIFR1 & _BV(TOV1)));
   1fc4e:	b0 9b       	sbis	0x16, 0	; 22
   1fc50:	fe cf       	rjmp	.-4      	; 0x1fc4e <main+0x4a>
#if defined(__AVR_ATmega8__) || defined(__AVR_ATmega8535__) || defined (__AVR_ATmega16__) || defined (__AVR_ATmega32__)
    LED_PORT ^= _BV(LED);
#else
    LED_PIN |= _BV(LED);
   1fc52:	18 9a       	sbi	0x03, 0	; 3
}
#endif

// Watchdog functions. These are only safe with interrupts turned off.
void watchdogReset() {
  __asm__ __volatile__ (
   1fc54:	a8 95       	wdr
   1fc56:	21 50       	subi	r18, 0x01	; 1
    LED_PORT ^= _BV(LED);
#else
    LED_PIN |= _BV(LED);
#endif
    watchdogReset();
  } while (--count);
   1fc58:	a9 f7       	brne	.-22     	; 0x1fc44 <main+0x40>
   1fc5a:	81 2c       	mov	r8, r1
   1fc5c:	91 2c       	mov	r9, r1
#endif

  /* Forever loop: exits by causing WDT reset */
  for (;;) {
    /* get character from UART */
    ch = getch();
   1fc5e:	ca d0       	rcall	.+404    	; 0x1fdf4 <getch>

    if(ch == STK_GET_PARAMETER) {
   1fc60:	81 34       	cpi	r24, 0x41	; 65
   1fc62:	79 f4       	brne	.+30     	; 0x1fc82 <main+0x7e>
      unsigned char which = getch();
   1fc64:	c7 d0       	rcall	.+398    	; 0x1fdf4 <getch>
      verifySpace();
   1fc66:	89 83       	std	Y+1, r24	; 0x01
   1fc68:	d7 d0       	rcall	.+430    	; 0x1fe18 <verifySpace>
      /*
       * Send optiboot version as "SW version"
       * Note that the references to memory are optimized away.
       */
      if (which == 0x82) {
   1fc6a:	89 81       	ldd	r24, Y+1	; 0x01
   1fc6c:	82 38       	cpi	r24, 0x82	; 130
   1fc6e:	11 f4       	brne	.+4      	; 0x1fc74 <main+0x70>
	  putch(optiboot_version & 0xFF);
   1fc70:	82 e0       	ldi	r24, 0x02	; 2
   1fc72:	05 c0       	rjmp	.+10     	; 0x1fc7e <main+0x7a>
      } else if (which == 0x81) {
   1fc74:	81 38       	cpi	r24, 0x81	; 129
   1fc76:	11 f4       	brne	.+4      	; 0x1fc7c <main+0x78>
	  putch(optiboot_version >> 8);
   1fc78:	86 e0       	ldi	r24, 0x06	; 6
   1fc7a:	01 c0       	rjmp	.+2      	; 0x1fc7e <main+0x7a>
      } else {
	/*
	 * GET PARAMETER returns a generic 0x03 reply for
         * other parameters - enough to keep Avrdude happy
	 */
	putch(0x03);
   1fc7c:	83 e0       	ldi	r24, 0x03	; 3
   1fc7e:	b3 d0       	rcall	.+358    	; 0x1fde6 <putch>
   1fc80:	9f c0       	rjmp	.+318    	; 0x1fdc0 <main+0x1bc>
      }
    }
    else if(ch == STK_SET_DEVICE) {
   1fc82:	82 34       	cpi	r24, 0x42	; 66
   1fc84:	11 f4       	brne	.+4      	; 0x1fc8a <main+0x86>
      // SET DEVICE is ignored
      getNch(20);
   1fc86:	84 e1       	ldi	r24, 0x14	; 20
   1fc88:	03 c0       	rjmp	.+6      	; 0x1fc90 <main+0x8c>
    }
    else if(ch == STK_SET_DEVICE_EXT) {
   1fc8a:	85 34       	cpi	r24, 0x45	; 69
   1fc8c:	19 f4       	brne	.+6      	; 0x1fc94 <main+0x90>
      // SET DEVICE EXT is ignored
      getNch(5);
   1fc8e:	85 e0       	ldi	r24, 0x05	; 5
   1fc90:	cb d0       	rcall	.+406    	; 0x1fe28 <getNch>
   1fc92:	96 c0       	rjmp	.+300    	; 0x1fdc0 <main+0x1bc>
    }
    else if(ch == STK_LOAD_ADDRESS) {
   1fc94:	85 35       	cpi	r24, 0x55	; 85
   1fc96:	69 f4       	brne	.+26     	; 0x1fcb2 <main+0xae>
      // LOAD ADDRESS
      uint16_t newAddress;
      newAddress = getch();
   1fc98:	ad d0       	rcall	.+346    	; 0x1fdf4 <getch>
   1fc9a:	88 2e       	mov	r8, r24
      newAddress = (newAddress & 0xff) | (getch() << 8);
   1fc9c:	ab d0       	rcall	.+342    	; 0x1fdf4 <getch>
   1fc9e:	91 2c       	mov	r9, r1
   1fca0:	98 2a       	or	r9, r24
#ifdef RAMPZ
      // Transfer top bit to RAMPZ
      RAMPZ = (newAddress & 0x8000) ? 1 : 0;
   1fca2:	89 2d       	mov	r24, r9
   1fca4:	88 1f       	adc	r24, r24
   1fca6:	88 27       	eor	r24, r24
   1fca8:	88 1f       	adc	r24, r24
   1fcaa:	8b bf       	out	0x3b, r24	; 59
#endif
      newAddress += newAddress; // Convert from word address to byte address
   1fcac:	88 0c       	add	r8, r8
   1fcae:	99 1c       	adc	r9, r9
   1fcb0:	86 c0       	rjmp	.+268    	; 0x1fdbe <main+0x1ba>
      address = newAddress;
      verifySpace();
    }
    else if(ch == STK_UNIVERSAL) {
   1fcb2:	86 35       	cpi	r24, 0x56	; 86
   1fcb4:	21 f4       	brne	.+8      	; 0x1fcbe <main+0xba>
      // UNIVERSAL command is ignored
      getNch(4);
   1fcb6:	84 e0       	ldi	r24, 0x04	; 4
   1fcb8:	b7 d0       	rcall	.+366    	; 0x1fe28 <getNch>
      putch(0x00);
   1fcba:	80 e0       	ldi	r24, 0x00	; 0
   1fcbc:	e0 cf       	rjmp	.-64     	; 0x1fc7e <main+0x7a>
    }
    /* Write memory, length is big endian and is in bytes */
    else if(ch == STK_PROG_PAGE) {
   1fcbe:	84 36       	cpi	r24, 0x64	; 100
   1fcc0:	09 f0       	breq	.+2      	; 0x1fcc4 <main+0xc0>
   1fcc2:	4a c0       	rjmp	.+148    	; 0x1fd58 <main+0x154>
      // PROGRAM PAGE - we support flash programming only, not EEPROM
      uint8_t desttype;
      uint8_t *bufPtr;
      pagelen_t savelength;

      GETLENGTH(length);
   1fcc4:	97 d0       	rcall	.+302    	; 0x1fdf4 <getch>
   1fcc6:	e8 2e       	mov	r14, r24
   1fcc8:	f1 2c       	mov	r15, r1
   1fcca:	fe 2c       	mov	r15, r14
   1fccc:	ee 24       	eor	r14, r14
   1fcce:	92 d0       	rcall	.+292    	; 0x1fdf4 <getch>
   1fcd0:	e8 2a       	or	r14, r24
      savelength = length;
      desttype = getch();
   1fcd2:	90 d0       	rcall	.+288    	; 0x1fdf4 <getch>
   1fcd4:	b8 2e       	mov	r11, r24
      // PROGRAM PAGE - we support flash programming only, not EEPROM
      uint8_t desttype;
      uint8_t *bufPtr;
      pagelen_t savelength;

      GETLENGTH(length);
   1fcd6:	87 01       	movw	r16, r14
      savelength = length;
      desttype = getch();
   1fcd8:	c1 2c       	mov	r12, r1
   1fcda:	dd 24       	eor	r13, r13
   1fcdc:	d3 94       	inc	r13

      // read a page worth of contents
      bufPtr = buff;
      do *bufPtr++ = getch();
   1fcde:	8a d0       	rcall	.+276    	; 0x1fdf4 <getch>
   1fce0:	f6 01       	movw	r30, r12
   1fce2:	81 93       	st	Z+, r24
   1fce4:	6f 01       	movw	r12, r30
      while (--length);
   1fce6:	01 50       	subi	r16, 0x01	; 1
   1fce8:	11 09       	sbc	r17, r1
   1fcea:	01 15       	cp	r16, r1
   1fcec:	11 05       	cpc	r17, r1
   1fcee:	b9 f7       	brne	.-18     	; 0x1fcde <main+0xda>

      // Read command terminator, start reply
      verifySpace();
   1fcf0:	93 d0       	rcall	.+294    	; 0x1fe18 <verifySpace>
 * void writebuffer(memtype, buffer, address, length)
 */
static inline void writebuffer(int8_t memtype, uint8_t *mybuff,
			       uint16_t address, pagelen_t len)
{
    switch (memtype) {
   1fcf2:	f5 e4       	ldi	r31, 0x45	; 69
   1fcf4:	bf 12       	cpse	r11, r31
   1fcf6:	12 c0       	rjmp	.+36     	; 0x1fd1c <main+0x118>
   1fcf8:	e8 0c       	add	r14, r8
   1fcfa:	f9 1c       	adc	r15, r9
   1fcfc:	84 01       	movw	r16, r8
   1fcfe:	c1 2c       	mov	r12, r1
   1fd00:	dd 24       	eor	r13, r13
   1fd02:	d3 94       	inc	r13
    case 'E': // EEPROM
#if defined(SUPPORT_EEPROM) || defined(BIGBOOT)
        while(len--) {
   1fd04:	0e 15       	cp	r16, r14
   1fd06:	1f 05       	cpc	r17, r15
   1fd08:	09 f4       	brne	.+2      	; 0x1fd0c <main+0x108>
   1fd0a:	5a c0       	rjmp	.+180    	; 0x1fdc0 <main+0x1bc>
	    eeprom_write_byte((uint8_t *)(address++), *mybuff++);
   1fd0c:	f6 01       	movw	r30, r12
   1fd0e:	61 91       	ld	r22, Z+
   1fd10:	6f 01       	movw	r12, r30
   1fd12:	c8 01       	movw	r24, r16
   1fd14:	9e d0       	rcall	.+316    	; 0x1fe52 <__eewr_byte_m1284p>
   1fd16:	0f 5f       	subi	r16, 0xFF	; 255
   1fd18:	1f 4f       	sbci	r17, 0xFF	; 255
   1fd1a:	f4 cf       	rjmp	.-24     	; 0x1fd04 <main+0x100>
	     * Start the page erase and wait for it to finish.  There
	     * used to be code to do this while receiving the data over
	     * the serial link, but the performance improvement was slight,
	     * and we needed the space back.
	     */
	    do_spm((uint16_t)(void*)address,__BOOT_PAGE_ERASE,0);
   1fd1c:	40 e0       	ldi	r20, 0x00	; 0
   1fd1e:	50 e0       	ldi	r21, 0x00	; 0
   1fd20:	63 e0       	ldi	r22, 0x03	; 3
   1fd22:	c4 01       	movw	r24, r8
   1fd24:	50 d0       	rcall	.+160    	; 0x1fdc6 <do_spm>
   1fd26:	00 e0       	ldi	r16, 0x00	; 0
   1fd28:	10 e0       	ldi	r17, 0x00	; 0
   1fd2a:	f8 01       	movw	r30, r16
   1fd2c:	f3 95       	inc	r31
	    /*
	     * Copy data from the buffer into the flash write buffer.
	     */
	    do {
		uint16_t a;
		a = *bufPtr++;
   1fd2e:	40 81       	ld	r20, Z
   1fd30:	31 96       	adiw	r30, 0x01	; 1
		a |= (*bufPtr++) << 8;
   1fd32:	80 81       	ld	r24, Z
   1fd34:	50 e0       	ldi	r21, 0x00	; 0
   1fd36:	58 2b       	or	r21, r24
		do_spm((uint16_t)(void*)addrPtr,__BOOT_PAGE_FILL,a);
   1fd38:	61 e0       	ldi	r22, 0x01	; 1
   1fd3a:	c8 01       	movw	r24, r16
   1fd3c:	88 0d       	add	r24, r8
   1fd3e:	99 1d       	adc	r25, r9
   1fd40:	42 d0       	rcall	.+132    	; 0x1fdc6 <do_spm>
   1fd42:	0e 5f       	subi	r16, 0xFE	; 254
   1fd44:	1f 4f       	sbci	r17, 0xFF	; 255
		addrPtr += 2;
	    } while (len -= 2);
   1fd46:	e0 16       	cp	r14, r16
   1fd48:	f1 06       	cpc	r15, r17
   1fd4a:	79 f7       	brne	.-34     	; 0x1fd2a <main+0x126>

	    /*
	     * Actually Write the buffer to flash (and wait for it to finish.)
	     */
	    do_spm((uint16_t)(void*)address,__BOOT_PAGE_WRITE,0);
   1fd4c:	40 e0       	ldi	r20, 0x00	; 0
   1fd4e:	50 e0       	ldi	r21, 0x00	; 0
   1fd50:	65 e0       	ldi	r22, 0x05	; 5
   1fd52:	c4 01       	movw	r24, r8
   1fd54:	38 d0       	rcall	.+112    	; 0x1fdc6 <do_spm>
   1fd56:	34 c0       	rjmp	.+104    	; 0x1fdc0 <main+0x1bc>
      writebuffer(desttype, buff, address, savelength);


    }
    /* Read memory block mode, length is big endian.  */
    else if(ch == STK_READ_PAGE) {
   1fd58:	84 37       	cpi	r24, 0x74	; 116
   1fd5a:	21 f5       	brne	.+72     	; 0x1fda4 <main+0x1a0>
      uint8_t desttype;
      GETLENGTH(length);
   1fd5c:	4b d0       	rcall	.+150    	; 0x1fdf4 <getch>
   1fd5e:	08 2f       	mov	r16, r24
   1fd60:	10 e0       	ldi	r17, 0x00	; 0
   1fd62:	10 2f       	mov	r17, r16
   1fd64:	00 27       	eor	r16, r16
   1fd66:	46 d0       	rcall	.+140    	; 0x1fdf4 <getch>
   1fd68:	08 2b       	or	r16, r24

      desttype = getch();
   1fd6a:	44 d0       	rcall	.+136    	; 0x1fdf4 <getch>

      verifySpace();
   1fd6c:	89 83       	std	Y+1, r24	; 0x01
   1fd6e:	54 d0       	rcall	.+168    	; 0x1fe18 <verifySpace>

static inline void read_mem(uint8_t memtype, uint16_t address, pagelen_t length)
{
    uint8_t ch;

    switch (memtype) {
   1fd70:	89 81       	ldd	r24, Y+1	; 0x01
   1fd72:	74 01       	movw	r14, r8
   1fd74:	85 34       	cpi	r24, 0x45	; 69
   1fd76:	61 f4       	brne	.+24     	; 0x1fd90 <main+0x18c>

#if defined(SUPPORT_EEPROM) || defined(BIGBOOT)
    case 'E': // EEPROM
	do {
	    putch(eeprom_read_byte((uint8_t *)(address++)));
   1fd78:	c7 01       	movw	r24, r14
   1fd7a:	63 d0       	rcall	.+198    	; 0x1fe42 <__eerd_byte_m1284p>
   1fd7c:	34 d0       	rcall	.+104    	; 0x1fde6 <putch>
	} while (--length);
   1fd7e:	01 50       	subi	r16, 0x01	; 1
   1fd80:	11 09       	sbc	r17, r1
   1fd82:	ff ef       	ldi	r31, 0xFF	; 255
   1fd84:	ef 1a       	sub	r14, r31
   1fd86:	ff 0a       	sbc	r15, r31
   1fd88:	01 15       	cp	r16, r1
   1fd8a:	11 05       	cpc	r17, r1
   1fd8c:	a9 f7       	brne	.-22     	; 0x1fd78 <main+0x174>
   1fd8e:	18 c0       	rjmp	.+48     	; 0x1fdc0 <main+0x1bc>
	    __asm__ ("elpm %0,Z+\n" : "=r" (ch), "=z" (address): "1" (address));
#else
	    // read a Flash byte and increment the address
	    __asm__ ("lpm %0,Z+\n" : "=r" (ch), "=z" (address): "1" (address));
#endif
	    putch(ch);
   1fd90:	f7 01       	movw	r30, r14
   1fd92:	87 91       	elpm	r24, Z+
   1fd94:	7f 01       	movw	r14, r30
   1fd96:	27 d0       	rcall	.+78     	; 0x1fde6 <putch>
	} while (--length);
   1fd98:	01 50       	subi	r16, 0x01	; 1
   1fd9a:	11 09       	sbc	r17, r1
   1fd9c:	01 15       	cp	r16, r1
   1fd9e:	11 05       	cpc	r17, r1
   1fda0:	b9 f7       	brne	.-18     	; 0x1fd90 <main+0x18c>
   1fda2:	0e c0       	rjmp	.+28     	; 0x1fdc0 <main+0x1bc>

      read_mem(desttype, address, length);
    }

    /* Get device signature bytes  */
    else if(ch == STK_READ_SIGN) {
   1fda4:	85 37       	cpi	r24, 0x75	; 117
   1fda6:	39 f4       	brne	.+14     	; 0x1fdb6 <main+0x1b2>
      // READ SIGN - return what Avrdude wants to hear
      verifySpace();
   1fda8:	37 d0       	rcall	.+110    	; 0x1fe18 <verifySpace>
      putch(SIGNATURE_0);
   1fdaa:	8e e1       	ldi	r24, 0x1E	; 30
   1fdac:	1c d0       	rcall	.+56     	; 0x1fde6 <putch>
      putch(SIGNATURE_1);
   1fdae:	87 e9       	ldi	r24, 0x97	; 151
   1fdb0:	1a d0       	rcall	.+52     	; 0x1fde6 <putch>
      putch(SIGNATURE_2);
   1fdb2:	85 e0       	ldi	r24, 0x05	; 5
   1fdb4:	64 cf       	rjmp	.-312    	; 0x1fc7e <main+0x7a>
    }
    else if (ch == STK_LEAVE_PROGMODE) { /* 'Q' */
   1fdb6:	81 35       	cpi	r24, 0x51	; 81
   1fdb8:	11 f4       	brne	.+4      	; 0x1fdbe <main+0x1ba>
      // Adaboot no-wait mod
      watchdogConfig(WATCHDOG_16MS);
   1fdba:	88 e0       	ldi	r24, 0x08	; 8
   1fdbc:	27 d0       	rcall	.+78     	; 0x1fe0c <watchdogConfig>
      verifySpace();
    }
    else {
      // This covers the response to commands like STK_ENTER_PROGMODE
      verifySpace();
   1fdbe:	2c d0       	rcall	.+88     	; 0x1fe18 <verifySpace>
    }
    putch(STK_OK);
   1fdc0:	80 e1       	ldi	r24, 0x10	; 16
   1fdc2:	11 d0       	rcall	.+34     	; 0x1fde6 <putch>
  }
   1fdc4:	4c cf       	rjmp	.-360    	; 0x1fc5e <main+0x5a>

0001fdc6 <do_spm>:
 *   you could do fill-erase-write sequence with data!=0 in ERASE and
 *   data=0 in WRITE
 */
static void do_spm(uint16_t address, uint8_t command, uint16_t data) {
    // Do spm stuff
    asm volatile (
   1fdc6:	fc 01       	movw	r30, r24
   1fdc8:	0a 01       	movw	r0, r20
   1fdca:	67 bf       	out	0x37, r22	; 55
   1fdcc:	e8 95       	spm
   1fdce:	11 24       	eor	r1, r1
    );

    // wait for spm to complete
    //   it doesn't have much sense for __BOOT_PAGE_FILL,
    //   but it doesn't hurt and saves some bytes on 'if'
    boot_spm_busy_wait();
   1fdd0:	07 b6       	in	r0, 0x37	; 55
   1fdd2:	00 fc       	sbrc	r0, 0
   1fdd4:	fd cf       	rjmp	.-6      	; 0x1fdd0 <do_spm+0xa>
#if defined(RWWSRE)
    // this 'if' condition should be: (command == __BOOT_PAGE_WRITE || command == __BOOT_PAGE_ERASE)...
    // but it's tweaked a little assuming that in every command we are interested in here, there
    // must be also SELFPRGEN set. If we skip checking this bit, we save here 4B
    if ((command & (_BV(PGWRT)|_BV(PGERS))) && (data == 0) ) {
   1fdd6:	66 70       	andi	r22, 0x06	; 6
   1fdd8:	29 f0       	breq	.+10     	; 0x1fde4 <do_spm+0x1e>
   1fdda:	45 2b       	or	r20, r21
   1fddc:	19 f4       	brne	.+6      	; 0x1fde4 <do_spm+0x1e>
      // Reenable read access to flash
      boot_rww_enable();
   1fdde:	81 e1       	ldi	r24, 0x11	; 17
   1fde0:	87 bf       	out	0x37, r24	; 55
   1fde2:	e8 95       	spm
   1fde4:	08 95       	ret

0001fde6 <putch>:
  }
}

void putch(char ch) {
#ifndef SOFT_UART
  while (!(UART_SRA & _BV(UDRE0)));
   1fde6:	90 91 c0 00 	lds	r25, 0x00C0
   1fdea:	95 ff       	sbrs	r25, 5
   1fdec:	fc cf       	rjmp	.-8      	; 0x1fde6 <putch>
  UART_UDR = ch;
   1fdee:	80 93 c6 00 	sts	0x00C6, r24
   1fdf2:	08 95       	ret

0001fdf4 <getch>:
      [uartBit] "I" (UART_RX_BIT)
    :
      "r25"
);
#else
  while(!(UART_SRA & _BV(RXC0)))
   1fdf4:	80 91 c0 00 	lds	r24, 0x00C0
   1fdf8:	87 ff       	sbrs	r24, 7
   1fdfa:	fc cf       	rjmp	.-8      	; 0x1fdf4 <getch>
    ;
  if (!(UART_SRA & _BV(FE0))) {
   1fdfc:	80 91 c0 00 	lds	r24, 0x00C0
   1fe00:	84 fd       	sbrc	r24, 4
   1fe02:	01 c0       	rjmp	.+2      	; 0x1fe06 <getch+0x12>
}
#endif

// Watchdog functions. These are only safe with interrupts turned off.
void watchdogReset() {
  __asm__ __volatile__ (
   1fe04:	a8 95       	wdr
       * don't care that an invalid char is returned...)
       */
    watchdogReset();
  }

  ch = UART_UDR;
   1fe06:	80 91 c6 00 	lds	r24, 0x00C6
  LED_PIN |= _BV(LED);
#endif
#endif

  return ch;
}
   1fe0a:	08 95       	ret

0001fe0c <watchdogConfig>:
    "wdr\n"
  );
}

void watchdogConfig(uint8_t x) {
  WDTCSR = _BV(WDCE) | _BV(WDE);
   1fe0c:	e0 e6       	ldi	r30, 0x60	; 96
   1fe0e:	f0 e0       	ldi	r31, 0x00	; 0
   1fe10:	98 e1       	ldi	r25, 0x18	; 24
   1fe12:	90 83       	st	Z, r25
  WDTCSR = x;
   1fe14:	80 83       	st	Z, r24
   1fe16:	08 95       	ret

0001fe18 <verifySpace>:
  do getch(); while (--count);
  verifySpace();
}

void verifySpace() {
  if (getch() != CRC_EOP) {
   1fe18:	ed df       	rcall	.-38     	; 0x1fdf4 <getch>
   1fe1a:	80 32       	cpi	r24, 0x20	; 32
   1fe1c:	19 f0       	breq	.+6      	; 0x1fe24 <verifySpace+0xc>
    watchdogConfig(WATCHDOG_16MS);    // shorten WD timeout
   1fe1e:	88 e0       	ldi	r24, 0x08	; 8
   1fe20:	f5 df       	rcall	.-22     	; 0x1fe0c <watchdogConfig>
   1fe22:	ff cf       	rjmp	.-2      	; 0x1fe22 <verifySpace+0xa>
    while (1)			      // and busy-loop so that WD causes
      ;				      //  a reset and app start.
  }
  putch(STK_INSYNC);
   1fe24:	84 e1       	ldi	r24, 0x14	; 20
   1fe26:	df cf       	rjmp	.-66     	; 0x1fde6 <putch>

0001fe28 <getNch>:
    ::[count] "M" (UART_B_VALUE)
  );
}
#endif

void getNch(uint8_t count) {
   1fe28:	cf 93       	push	r28
   1fe2a:	c8 2f       	mov	r28, r24
  do getch(); while (--count);
   1fe2c:	e3 df       	rcall	.-58     	; 0x1fdf4 <getch>
   1fe2e:	c1 50       	subi	r28, 0x01	; 1
   1fe30:	e9 f7       	brne	.-6      	; 0x1fe2c <getNch+0x4>
  verifySpace();
}
   1fe32:	cf 91       	pop	r28
}
#endif

void getNch(uint8_t count) {
  do getch(); while (--count);
  verifySpace();
   1fe34:	f1 cf       	rjmp	.-30     	; 0x1fe18 <verifySpace>

0001fe36 <appStart>:

void appStart(uint8_t rstFlags) {
  // save the reset flags in the designated register
  //  This can be saved in a main program by putting code in .init0 (which
  //  executes before normal c init code) to save R2 to a global variable.
  __asm__ __volatile__ ("mov r2, %0\n" :: "r" (rstFlags));
   1fe36:	28 2e       	mov	r2, r24

  watchdogConfig(WATCHDOG_OFF);
   1fe38:	80 e0       	ldi	r24, 0x00	; 0
   1fe3a:	e8 df       	rcall	.-48     	; 0x1fe0c <watchdogConfig>
  // Note that appstart_vec is defined so that this works with either
  // real or virtual boot partitions.
  __asm__ __volatile__ (
   1fe3c:	e0 e0       	ldi	r30, 0x00	; 0
   1fe3e:	ff 27       	eor	r31, r31
   1fe40:	09 94       	ijmp

0001fe42 <__eerd_byte_m1284p>:
   1fe42:	f9 99       	sbic	0x1f, 1	; 31
   1fe44:	fe cf       	rjmp	.-4      	; 0x1fe42 <__eerd_byte_m1284p>
   1fe46:	92 bd       	out	0x22, r25	; 34
   1fe48:	81 bd       	out	0x21, r24	; 33
   1fe4a:	f8 9a       	sbi	0x1f, 0	; 31
   1fe4c:	99 27       	eor	r25, r25
   1fe4e:	80 b5       	in	r24, 0x20	; 32
   1fe50:	08 95       	ret

0001fe52 <__eewr_byte_m1284p>:
   1fe52:	26 2f       	mov	r18, r22

0001fe54 <__eewr_r18_m1284p>:
   1fe54:	f9 99       	sbic	0x1f, 1	; 31
   1fe56:	fe cf       	rjmp	.-4      	; 0x1fe54 <__eewr_r18_m1284p>
   1fe58:	1f ba       	out	0x1f, r1	; 31
   1fe5a:	92 bd       	out	0x22, r25	; 34
   1fe5c:	81 bd       	out	0x21, r24	; 33
   1fe5e:	20 bd       	out	0x20, r18	; 32
   1fe60:	0f b6       	in	r0, 0x3f	; 63
   1fe62:	f8 94       	cli
   1fe64:	fa 9a       	sbi	0x1f, 2	; 31
   1fe66:	f9 9a       	sbi	0x1f, 1	; 31
   1fe68:	0f be       	out	0x3f, r0	; 63
   1fe6a:	01 96       	adiw	r24, 0x01	; 1
   1fe6c:	08 95       	ret
